Build started 3/27/2014 9:44:54 PM.
     1>Project "C:\Users\Hotsauce\GitHub\TankGame\TankGame\TankGame\TankGame.vcxproj" on node 2 (Rebuild target(s)).
     1>ClCompile:
         C:\Program Files (x86)\Microsoft Visual Studio 12.0\VC\bin\CL.exe /c /I"C:\Users\Hotsauce\GitHub\TankGame\Libraries\SDL2-2.0.2\include\myrpg" /I"C:\Users\Hotsauce\GitHub\TankGame\Libraries\SDL2_mixer-devel-2.0.0-VC\SDL2_mixer-2.0.0\include" /I"C:\Users\Hotsauce\GitHub\TankGame\Libraries\SDL2_image-devel-2.0.0-VC\SDL2_image-2.0.0\include" /ZI /nologo /W3 /WX- /sdl /Od /Oy- /D WIN32 /D _DEBUG /D _CONSOLE /D _LIB /D _UNICODE /D UNICODE /Gm /EHsc /RTC1 /MDd /GS /fp:precise /Zc:wchar_t /Zc:forScope /Fo"Debug\\" /Fd"Debug\vc120.pdb" /Gd /TP /analyze- /errorReport:prompt Main.cpp SDL_Setup.cpp Sprite.cpp TankGame.cpp
         TankGame.cpp
         Sprite.cpp
     1>c:\users\hotsauce\github\tankgame\tankgame\tankgame\sprite.cpp(21): warning C4552: '-' : operator has no effect; expected operator with side-effect
     1>c:\users\hotsauce\github\tankgame\tankgame\tankgame\sprite.cpp(23): warning C4552: '-' : operator has no effect; expected operator with side-effect
     1>c:\users\hotsauce\github\tankgame\tankgame\tankgame\sprite.cpp(25): warning C4244: '=' : conversion from 'int' to 'float', possible loss of data
     1>c:\users\hotsauce\github\tankgame\tankgame\tankgame\sprite.cpp(26): warning C4244: '=' : conversion from 'int' to 'float', possible loss of data
         SDL_Setup.cpp
         Main.cpp
     1>c:\users\hotsauce\github\tankgame\tankgame\tankgame\main.cpp(13): warning C4244: 'argument' : conversion from 'int' to 'float', possible loss of data
     1>c:\users\hotsauce\github\tankgame\tankgame\tankgame\main.cpp(57): warning C4018: '<' : signed/unsigned mismatch
     1>c:\users\hotsauce\github\tankgame\tankgame\tankgame\main.cpp(60): warning C4244: 'argument' : conversion from 'float' to 'int', possible loss of data
     1>c:\users\hotsauce\github\tankgame\tankgame\tankgame\main.cpp(60): warning C4244: 'initializing' : conversion from 'double' to 'float', possible loss of data
         Generating Code...
       Link:
         C:\Program Files (x86)\Microsoft Visual Studio 12.0\VC\bin\link.exe /ERRORREPORT:PROMPT /OUT:"C:\Users\Hotsauce\GitHub\TankGame\TankGame\Debug\TankGame.exe" /INCREMENTAL /NOLOGO /LIBPATH:"C:\Users\Hotsauce\GitHub\TankGame\Libraries\SDL2-2.0.2\lib\x86" /LIBPATH:"C:\Users\Hotsauce\GitHub\TankGame\Libraries\SDL2_mixer-devel-2.0.0-VC\SDL2_mixer-2.0.0\lib\x86" /LIBPATH:"C:\Users\Hotsauce\GitHub\TankGame\Libraries\SDL2_image-devel-2.0.0-VC\SDL2_image-2.0.0\lib\x86" SDL2.lib SDL2main.lib SDL2_mixer.lib SDL2_image.lib kernel32.lib user32.lib gdi32.lib winspool.lib comdlg32.lib advapi32.lib shell32.lib ole32.lib oleaut32.lib uuid.lib odbc32.lib odbccp32.lib /MANIFEST /MANIFESTUAC:"level='asInvoker' uiAccess='false'" /manifest:embed /DEBUG /PDB:"C:\Users\Hotsauce\GitHub\TankGame\TankGame\Debug\TankGame.pdb" /SUBSYSTEM:CONSOLE /TLBID:1 /DYNAMICBASE /NXCOMPAT /IMPLIB:"C:\Users\Hotsauce\GitHub\TankGame\TankGame\Debug\TankGame.lib" /MACHINE:X86 Debug\Main.obj
         Debug\SDL_Setup.obj
         Debug\Sprite.obj
         Debug\TankGame.obj
     1>MSVCRTD.lib(cinitexe.obj) : warning LNK4098: defaultlib 'msvcrt.lib' conflicts with use of other libs; use /NODEFAULTLIB:library
         TankGame.vcxproj -> C:\Users\Hotsauce\GitHub\TankGame\TankGame\Debug\TankGame.exe
     1>Done Building Project "C:\Users\Hotsauce\GitHub\TankGame\TankGame\TankGame\TankGame.vcxproj" (Rebuild target(s)).

Build succeeded.

Time Elapsed 00:00:02.47
